<?xml version="1.0" encoding="UTF-8"?>
<!-- Generated by org.testng.reporters.JUnitXMLReporter -->
<testsuite ignored="0" hostname="L-INE-29T8V93" failures="0" tests="4" name="Default test" time="36.572" errors="0" timestamp="2023-07-14T10:03:03 IST">
  <testcase classname="com.DataDrivenModel.DDMdemo2" name="loginUsongJXL" time="8.901"/>
  <testcase classname="com.DataDrivenModel.DDMdemo2" name="loginUsongJXL" time="6.395"/>
  <testcase classname="com.DataDrivenModel.DDMdemo2" name="loginUsongJXL" time="12.79"/>
  <testcase classname="com.DataDrivenModel.DDMdemo2" name="loginUsongJXL" time="8.265"/>
</testsuite> <!-- Default test -->
