<?xml version="1.0" encoding="UTF-8"?>
<!-- Generated by org.testng.reporters.JUnitXMLReporter -->
<testsuite ignored="2" hostname="L-INE-29T8V93" failures="0" tests="2" name="Test" time="0.047" errors="0" timestamp="2023-07-05T16:46:36 IST">
  <testcase classname="com.TestNG05jul.Coding" name="Bootstrap" time="0.005"/>
  <testcase classname="com.TestNG05jul.Coding" name="Shootscript" time="0.001"/>
  <testcase classname="com.TestNG05jul.Coding" name="Pythonprogamming" time="0.0">
    <ignored/>
  </testcase> <!-- Pythonprogamming -->
  <testcase classname="com.TestNG05jul.Coding" name="Javaprogamming" time="0.0">
    <ignored/>
  </testcase> <!-- Javaprogamming -->
</testsuite> <!-- Test -->
