<?xml version="1.0" encoding="UTF-8"?>
<!-- Generated by org.testng.reporters.JUnitXMLReporter -->
<testsuite ignored="0" hostname="L-INE-29T8V93" failures="0" tests="3" name="Afternoon" time="5.128" errors="0" timestamp="2023-07-05T15:32:03 IST">
  <testcase classname="com.TestNG05jul.LaunchGmain" name="LaunchUrl" time="0.642"/>
  <testcase classname="com.TestNG05jul.LaunchGmain" name="Prov_Cre" time="0.979"/>
  <testcase classname="com.TestNG05jul.LaunchGmain" name="selProd" time="0.189"/>
</testsuite> <!-- Afternoon -->
