<?xml version="1.0" encoding="UTF-8"?>
<!-- Generated by org.testng.reporters.JUnitXMLReporter -->
<testsuite ignored="1" hostname="L-INE-29T8V93" failures="0" tests="6" name="jul05" time="59.753" errors="0" timestamp="2023-07-05T12:52:27 IST">
  <testcase classname="com.TestNG04jul.Car" name="enterKey" time="0.006"/>
  <testcase classname="com.TestNG04jul.Car" name="StartIgnition" time="0.001"/>
  <testcase classname="com.TestNG04jul.Car" name="changeGear" time="0.001"/>
  <testcase classname="com.TestNG05jul.LaunchGmain" name="LaunchUrl" time="1.298"/>
  <testcase classname="com.TestNG05jul.LaunchGmain" name="Prov_Cre" time="56.167"/>
  <testcase classname="com.TestNG05jul.LaunchGmain" name="selProd" time="0.17"/>
  <testcase classname="com.TestNG04jul.Car" name="playMusic" time="0.0">
    <ignored/>
  </testcase> <!-- playMusic -->
</testsuite> <!-- jul05 -->
