<?xml version="1.0" encoding="UTF-8"?>
<!-- Generated by org.testng.reporters.JUnitXMLReporter -->
<testsuite ignored="0" hostname="L-INE-29T8V93" failures="0" tests="3" name="Test55" time="0.057" errors="0" timestamp="2023-07-06T14:32:11 IST">
  <testcase classname="com.TestNG06jul.TransformerTest" name="change" time="0.008"/>
  <testcase classname="com.TestNG06jul.TransformerTest" name="change" time="0.002"/>
  <testcase classname="com.TestNG06jul.TransformerTest" name="change" time="0.001"/>
</testsuite> <!-- Test55 -->
