<?xml version="1.0" encoding="UTF-8"?>
<!-- Generated by org.testng.reporters.JUnitXMLReporter -->
<testsuite ignored="0" hostname="L-INE-29T8V93" failures="1" tests="3" name="Test1" time="0.076" errors="0" timestamp="2023-07-07T14:48:49 IST">
  <testcase classname="com.TestNG06jul.ItestListenersImp" name="Test1" time="0.01"/>
  <testcase classname="com.TestNG06jul.ItestListenersImp" name="Test2" time="0.012">
    <failure type="java.lang.AssertionError" message="expected [true] but found [false]">
      <![CDATA[java.lang.AssertionError: expected [true] but found [false]
at com.TestNG06jul.ItestListenersImp.Test2(ItestListenersImp.java:15)
at java.base/java.util.ArrayList.forEach(ArrayList.java:1511)
... Removed 31 stack frames]]>
    </failure>
  </testcase> <!-- Test2 -->
  <testcase classname="com.TestNG06jul.ItestListenersImp" name="Test3" time="0.002">
    <skipped/>
  </testcase> <!-- Test3 -->
</testsuite> <!-- Test1 -->
