<?xml version="1.0" encoding="UTF-8"?>
<testng-results ignored="0" total="4" passed="4" failed="0" skipped="0">
  <reporter-output>
  </reporter-output>
  <suite started-at="2023-07-14T10:02:26 IST" name="Default suite" finished-at="2023-07-14T10:03:03 IST" duration-ms="36572">
    <groups>
    </groups>
    <test started-at="2023-07-14T10:02:26 IST" name="Default test" finished-at="2023-07-14T10:03:03 IST" duration-ms="36572">
      <class name="com.DataDrivenModel.DDMdemo2">
        <test-method signature="loginUsongJXL(java.lang.String,java.lang.String)[pri:0, instance:com.DataDrivenModel.DDMdemo2@5f049ea1]" started-at="2023-07-14T10:02:27 IST" name="loginUsongJXL" data-provider="data1" finished-at="2023-07-14T10:02:35 IST" duration-ms="8901" status="PASS">
          <params>
            <param index="0">
              <value>
                <![CDATA[Admin]]>
              </value>
            </param>
            <param index="1">
              <value>
                <![CDATA[admin123]]>
              </value>
            </param>
          </params>
          <reporter-output>
          </reporter-output>
        </test-method> <!-- loginUsongJXL -->
        <test-method signature="loginUsongJXL(java.lang.String,java.lang.String)[pri:0, instance:com.DataDrivenModel.DDMdemo2@5f049ea1]" started-at="2023-07-14T10:02:35 IST" name="loginUsongJXL" data-provider="data1" finished-at="2023-07-14T10:02:42 IST" duration-ms="6395" status="PASS">
          <params>
            <param index="0">
              <value>
                <![CDATA[Admi]]>
              </value>
            </param>
            <param index="1">
              <value>
                <![CDATA[admin123]]>
              </value>
            </param>
          </params>
          <reporter-output>
          </reporter-output>
        </test-method> <!-- loginUsongJXL -->
        <test-method signature="loginUsongJXL(java.lang.String,java.lang.String)[pri:0, instance:com.DataDrivenModel.DDMdemo2@5f049ea1]" started-at="2023-07-14T10:02:42 IST" name="loginUsongJXL" data-provider="data1" finished-at="2023-07-14T10:02:55 IST" duration-ms="12790" status="PASS">
          <params>
            <param index="0">
              <value>
                <![CDATA[Admi]]>
              </value>
            </param>
            <param index="1">
              <value>
                <![CDATA[admi123]]>
              </value>
            </param>
          </params>
          <reporter-output>
          </reporter-output>
        </test-method> <!-- loginUsongJXL -->
        <test-method signature="loginUsongJXL(java.lang.String,java.lang.String)[pri:0, instance:com.DataDrivenModel.DDMdemo2@5f049ea1]" started-at="2023-07-14T10:02:55 IST" name="loginUsongJXL" data-provider="data1" finished-at="2023-07-14T10:03:03 IST" duration-ms="8265" status="PASS">
          <params>
            <param index="0">
              <value>
                <![CDATA[Admin]]>
              </value>
            </param>
            <param index="1">
              <value>
                <![CDATA[admin12]]>
              </value>
            </param>
          </params>
          <reporter-output>
          </reporter-output>
        </test-method> <!-- loginUsongJXL -->
      </class> <!-- com.DataDrivenModel.DDMdemo2 -->
    </test> <!-- Default test -->
  </suite> <!-- Default suite -->
</testng-results>
